<?xml version="1.0" encoding="UTF-8"?>
<robot generator="Robot 3.1.2 (Python 3.8.0 on win32)" generated="20200429 11:31:10.803" rpa="false">
<suite id="s1" name="PostEx" source="C:\Users\masaw\PycharmProjects\API_Demo\Scripts\PostEx.robot">
<test id="s1-t1" name="Put_cust_reg">
<kw name="Create Session" library="RequestsLibrary">
<doc>Create Session: create a HTTP session to a server</doc>
<arguments>
<arg>mysession</arg>
<arg>${base_url}</arg>
</arguments>
<msg timestamp="20200429 11:31:11.565" level="INFO">Creating Session using : alias=mysession, url=http://restapi.demoqa.com/customer, headers={},                     cookies={}, auth=None, timeout=None, proxies=None, verify=False,                     debug=0 </msg>
<status status="PASS" starttime="20200429 11:31:11.564" endtime="20200429 11:31:11.566"></status>
</kw>
<kw name="Create Dictionary" library="BuiltIn">
<doc>Creates and returns a dictionary based on the given ``items``.</doc>
<arguments>
<arg>FirstName=NewUser123</arg>
<arg>LastName=Userrao</arg>
<arg>UserName=randomuser45</arg>
<arg>Password=Test1231</arg>
<arg>Email=randomuser45@gmail.com</arg>
</arguments>
<assign>
<var>${body}</var>
</assign>
<msg timestamp="20200429 11:31:11.568" level="INFO">${body} = {'FirstName': 'NewUser123', 'LastName': 'Userrao', 'UserName': 'randomuser45', 'Password': 'Test1231', 'Email': 'randomuser45@gmail.com'}</msg>
<status status="PASS" starttime="20200429 11:31:11.567" endtime="20200429 11:31:11.568"></status>
</kw>
<kw name="Create Dictionary" library="BuiltIn">
<doc>Creates and returns a dictionary based on the given ``items``.</doc>
<arguments>
<arg>Content-Type=application/json</arg>
</arguments>
<assign>
<var>${header}</var>
</assign>
<msg timestamp="20200429 11:31:11.570" level="INFO">${header} = {'Content-Type': 'application/json'}</msg>
<status status="PASS" starttime="20200429 11:31:11.569" endtime="20200429 11:31:11.570"></status>
</kw>
<kw name="Post Request" library="RequestsLibrary">
<doc>Send a POST request on the session object found using the
given `alias`</doc>
<arguments>
<arg>mysession</arg>
<arg>/register</arg>
<arg>data=${body}</arg>
<arg>headers=${header}</arg>
</arguments>
<assign>
<var>${response}</var>
</assign>
<msg timestamp="20200429 11:31:11.571" level="INFO">POST Request using : uri=/register, params=None, files=None, allow_redirects=True, timeout=None
headers={'User-Agent': 'python-requests/2.18.4', 'Accept-Encoding': 'gzip, deflate', 'Accept': '*/*', 'Connection': 'keep-alive', 'Content-Type': 'application/json'} 
data={"FirstName": "NewUser123", "LastName": "Userrao", "UserName": "randomuser45", "Password": "Test1231", "Email": "randomuser45@gmail.com"} 
json=None</msg>
<msg timestamp="20200429 11:31:12.355" level="INFO">${response} = &lt;Response [201]&gt;</msg>
<status status="PASS" starttime="20200429 11:31:11.570" endtime="20200429 11:31:12.355"></status>
</kw>
<kw name="Log To Console" library="BuiltIn">
<doc>Logs the given message to the console.</doc>
<arguments>
<arg>${response.status_code}</arg>
</arguments>
<status status="PASS" starttime="20200429 11:31:12.358" endtime="20200429 11:31:12.361"></status>
</kw>
<kw name="Log To Console" library="BuiltIn">
<doc>Logs the given message to the console.</doc>
<arguments>
<arg>${response.content}</arg>
</arguments>
<status status="PASS" starttime="20200429 11:31:12.363" endtime="20200429 11:31:12.364"></status>
</kw>
<kw name="Convert To String" library="BuiltIn">
<doc>Converts the given item to a Unicode string.</doc>
<arguments>
<arg>${response.content}</arg>
</arguments>
<assign>
<var>${res_body}</var>
</assign>
<msg timestamp="20200429 11:31:12.368" level="INFO">${res_body} = {
    "SuccessCode": "OPERATION_SUCCESS",
    "Message": "Operation completed successfully"
}</msg>
<status status="PASS" starttime="20200429 11:31:12.365" endtime="20200429 11:31:12.368"></status>
</kw>
<kw name="Should Contain" library="BuiltIn">
<doc>Fails if ``container`` does not contain ``item`` one or more times.</doc>
<arguments>
<arg>${res_body}</arg>
<arg>OPERATION_SUCCESS</arg>
</arguments>
<status status="PASS" starttime="20200429 11:31:12.369" endtime="20200429 11:31:12.370"></status>
</kw>
<kw name="Should Contain" library="BuiltIn">
<doc>Fails if ``container`` does not contain ``item`` one or more times.</doc>
<arguments>
<arg>${res_body}</arg>
<arg>Operation completed successfully</arg>
</arguments>
<status status="PASS" starttime="20200429 11:31:12.371" endtime="20200429 11:31:12.372"></status>
</kw>
<status status="PASS" starttime="20200429 11:31:11.563" endtime="20200429 11:31:12.374" critical="yes"></status>
</test>
<doc>Suite description</doc>
<status status="PASS" starttime="20200429 11:31:10.806" endtime="20200429 11:31:12.383"></status>
</suite>
<statistics>
<total>
<stat pass="1" fail="0">Critical Tests</stat>
<stat pass="1" fail="0">All Tests</stat>
</total>
<tag>
</tag>
<suite>
<stat pass="1" fail="0" id="s1" name="PostEx">PostEx</stat>
</suite>
</statistics>
<errors>
</errors>
</robot>
