<?xml version="1.0" encoding="UTF-8"?>
<robot generator="Robot 3.1.2 (Python 3.8.0 on win32)" generated="20200429 18:53:09.297" rpa="false">
<suite id="s1" name="Scripts" source="C:\Users\masaw\PycharmProjects\API_Demo\Scripts">
<suite id="s1-s1" name="GoogleMapsAPI" source="C:\Users\masaw\PycharmProjects\API_Demo\Scripts\GoogleMapsAPI.robot">
<test id="s1-s1-t1" name="GoogleMapPlacesAPI_TC">
<kw name="Create Session" library="RequestsLibrary">
<doc>Create Session: create a HTTP session to a server</doc>
<arguments>
<arg>mysession</arg>
<arg>${base_url}</arg>
</arguments>
<msg timestamp="20200429 18:53:09.780" level="INFO">Creating Session using : alias=mysession, url=https://maps.googleapis.com, headers={},                     cookies={}, auth=None, timeout=None, proxies=None, verify=False,                     debug=0 </msg>
<status status="PASS" starttime="20200429 18:53:09.780" endtime="20200429 18:53:09.781"></status>
</kw>
<kw name="Create Dictionary" library="BuiltIn">
<doc>Creates and returns a dictionary based on the given ``items``.</doc>
<arguments>
<arg>location=-33.8670522,151.1957362</arg>
<arg>radius=500</arg>
<arg>types=food</arg>
<arg>name=harbour</arg>
<arg>key=AIzaSyDfF7_uf-cLJxM9SqZcoipt0RjoWRK5uQ4</arg>
</arguments>
<assign>
<var>${params}</var>
</assign>
<msg timestamp="20200429 18:53:09.783" level="INFO">${params} = {'location': '-33.8670522,151.1957362', 'radius': '500', 'types': 'food', 'name': 'harbour', 'key': 'AIzaSyDfF7_uf-cLJxM9SqZcoipt0RjoWRK5uQ4'}</msg>
<status status="PASS" starttime="20200429 18:53:09.782" endtime="20200429 18:53:09.783"></status>
</kw>
<kw name="Get Request" library="RequestsLibrary">
<doc>Send a GET request on the session object found using the
given `alias`</doc>
<arguments>
<arg>mysession</arg>
<arg>${req_uri}</arg>
<arg>params=${params}</arg>
</arguments>
<assign>
<var>${response}</var>
</assign>
<msg timestamp="20200429 18:53:09.785" level="INFO">GET Request using : uri=/maps/api/place/nearbysearch/xml?, params={'location': '-33.8670522,151.1957362', 'radius': '500', 'types': 'food', 'name': 'harbour', 'key': 'AIzaSyDfF7_uf-cLJxM9SqZcoipt0RjoWRK5uQ4'}, allow_redirects=True, timeout=None
headers={'User-Agent': 'python-requests/2.18.4', 'Accept-Encoding': 'gzip, deflate', 'Accept': '*/*', 'Connection': 'keep-alive'} 
data=None 
json=None</msg>
<msg timestamp="20200429 18:53:10.054" level="INFO">c:\python\lib\site-packages\urllib3\connectionpool.py:853: InsecureRequestWarning: Unverified HTTPS request is being made. Adding certificate verification is strongly advised. See: https://urllib3.readthedocs.io/en/latest/advanced-usage.html#ssl-warnings
  warnings.warn((</msg>
<msg timestamp="20200429 18:53:10.055" level="INFO">${response} = &lt;Response [200]&gt;</msg>
<status status="PASS" starttime="20200429 18:53:09.784" endtime="20200429 18:53:10.055"></status>
</kw>
<kw name="Log" library="BuiltIn">
<doc>Logs the given message with the given level.</doc>
<arguments>
<arg>${response.status_code}</arg>
</arguments>
<msg timestamp="20200429 18:53:10.057" level="INFO">200</msg>
<status status="PASS" starttime="20200429 18:53:10.057" endtime="20200429 18:53:10.058"></status>
</kw>
<kw name="Log" library="BuiltIn">
<doc>Logs the given message with the given level.</doc>
<arguments>
<arg>${response.content}</arg>
</arguments>
<msg timestamp="20200429 18:53:10.060" level="INFO">&lt;?xml version="1.0" encoding="UTF-8"?&gt;
&lt;PlaceSearchResponse&gt;
 &lt;status&gt;OVER_QUERY_LIMIT&lt;/status&gt;
 &lt;error_message&gt;You have exceeded your daily request quota for this API. If you did not set a custom daily request quota, verify your project has an active billing account: http://g.co/dev/maps-no-account&lt;/error_message&gt;
&lt;/PlaceSearchResponse&gt;
</msg>
<status status="PASS" starttime="20200429 18:53:10.059" endtime="20200429 18:53:10.060"></status>
</kw>
<tags>
<tag>g</tag>
</tags>
<status status="PASS" starttime="20200429 18:53:09.778" endtime="20200429 18:53:10.061" critical="yes"></status>
</test>
<doc>Suite description</doc>
<status status="PASS" starttime="20200429 18:53:09.354" endtime="20200429 18:53:10.064"></status>
</suite>
<status status="PASS" starttime="20200429 18:53:09.301" endtime="20200429 18:53:10.070"></status>
</suite>
<statistics>
<total>
<stat pass="1" fail="0">Critical Tests</stat>
<stat pass="1" fail="0">All Tests</stat>
</total>
<tag>
<stat pass="1" fail="0">g</stat>
</tag>
<suite>
<stat pass="1" fail="0" id="s1" name="Scripts">Scripts</stat>
<stat pass="1" fail="0" id="s1-s1" name="GoogleMapsAPI">Scripts.GoogleMapsAPI</stat>
</suite>
</statistics>
<errors>
</errors>
</robot>
